c:\users\alumnos\desktop\semana6_progra2\debug\vc140.pdb
c:\users\alumnos\desktop\semana6_progra2\debug\.netframework,version=v4.5.2.assemblyattributes.obj
c:\users\alumnos\desktop\semana6_progra2\debug\.netframework,version=v4.5.2.assemblyattributes.asm
c:\users\alumnos\desktop\semana6_progra2\debug\semana6_progra2.pch
c:\users\alumnos\desktop\semana6_progra2\debug\stdafx.obj
c:\users\alumnos\desktop\semana6_progra2\debug\semana6_progra2.obj
c:\users\alumnos\desktop\semana6_progra2\debug\nave.obj
c:\users\alumnos\desktop\semana6_progra2\debug\avioneta.obj
c:\users\alumnos\desktop\semana6_progra2\debug\assemblyinfo.obj
c:\users\alumnos\desktop\semana6_progra2\debug\semana6_progra2.exe
c:\users\alumnos\desktop\semana6_progra2\debug\semana6_progra2.pdb
c:\users\alumnos\desktop\semana6_progra2\debug\app.res
c:\users\alumnos\desktop\semana6_progra2\debug\semana6_progra2.vcxprojresolveassemblyreference.cache
c:\users\alumnos\desktop\semana6_progra2\debug\semana6_progra2.exe.metagen
c:\users\alumnos\desktop\semana6_progra2\debug\semana6_progra2.tlog\cl.command.1.tlog
c:\users\alumnos\desktop\semana6_progra2\debug\semana6_progra2.tlog\cl.read.1.tlog
c:\users\alumnos\desktop\semana6_progra2\debug\semana6_progra2.tlog\cl.write.1.tlog
c:\users\alumnos\desktop\semana6_progra2\debug\semana6_progra2.tlog\link.command.1.tlog
c:\users\alumnos\desktop\semana6_progra2\debug\semana6_progra2.tlog\link.read.1.tlog
c:\users\alumnos\desktop\semana6_progra2\debug\semana6_progra2.tlog\link.write.1.tlog
c:\users\alumnos\desktop\semana6_progra2\debug\semana6_progra2.tlog\metagen.read.1.tlog
c:\users\alumnos\desktop\semana6_progra2\debug\semana6_progra2.tlog\metagen.write.1.tlog
c:\users\alumnos\desktop\semana6_progra2\debug\semana6_progra2.tlog\rc.command.1.tlog
c:\users\alumnos\desktop\semana6_progra2\debug\semana6_progra2.tlog\rc.read.1.tlog
c:\users\alumnos\desktop\semana6_progra2\debug\semana6_progra2.tlog\rc.write.1.tlog
c:\users\alumnos\desktop\semana6_progra2\debug\semana6_progra2.tlog\tzres.dll.bi
